{
  "stats": {
    "suites": 1,
    "tests": 20,
    "passes": 20,
    "pending": 0,
    "failures": 0,
    "testsRegistered": 20,
    "passPercent": 100,
    "pendingPercent": 0,
    "other": 0,
    "hasOther": false,
    "skipped": 0,
    "hasSkipped": false,
    "start": "2026-06-19T03:21:09.183Z",
    "end": "2026-06-19T03:24:10.778Z",
    "duration": 181595
  },
  "results": [
    {
      "uuid": "a2906fe1-2a2d-4562-808d-faa49534c7fe",
      "title": "",
      "fullFile": "cypress\\e2e\\nutraapp.cy.js",
      "file": "cypress\\e2e\\nutraapp.cy.js",
      "beforeHooks": [],
      "afterHooks": [],
      "tests": [
        {
          "title": "SECCIÓN 1 - FOOTER",
          "fullTitle": "SECCIÓN 1 - FOOTER",
          "timedOut": null,
          "duration": 20330,
          "state": "passed",
          "speed": "slow",
          "pass": true,
          "fail": false,
          "pending": false,
          "context": null,
          "code": "_url.default.urlBase();\n_headeracciones.default.clickbotoncerrar();\n_footerAcciones.default.clickbotonserviciosfo();\n_footerAcciones.default.clickbotonblogfo();\n_footerAcciones.default.clickbotoncontactanosfo();\n_headeracciones.default.clickbotoncerrar();\n_footerAcciones.default.validarnumero();\n_footerAcciones.default.validarcorreo();\n_footerAcciones.default.clickbotontyc();\n_footerAcciones.default.clickbotonpoliticas();",
          "err": {},
          "uuid": "62f7c0ca-476c-4099-98b4-27b2785e8a88",
          "parentUUID": "a2906fe1-2a2d-4562-808d-faa49534c7fe",
          "isHook": false,
          "skipped": false
        }
      ],
      "suites": [
        {
          "uuid": "d182b79a-4a8c-4a0b-958a-47f5367d9ce3",
          "title": "Automatizaciones - Sección 1",
          "fullFile": "",
          "file": "",
          "beforeHooks": [],
          "afterHooks": [],
          "tests": [
            {
              "title": "SECCIÓN 1 - HEADER",
              "fullTitle": "Automatizaciones - Sección 1 SECCIÓN 1 - HEADER",
              "timedOut": null,
              "duration": 14306,
              "state": "passed",
              "speed": "slow",
              "pass": true,
              "fail": false,
              "pending": false,
              "context": null,
              "code": "_url.default.urlBase();\n_headeracciones.default.clickbotoncerrar();\n_headeracciones.default.clickbotonservicios();\n_headeracciones.default.clickbotonblog();\n_headeracciones.default.clickbotoncontactanos();\n_headeracciones.default.clickbotoncerrar();",
              "err": {},
              "uuid": "e4c12487-0655-4cfc-bfb9-4e384f518fd7",
              "parentUUID": "d182b79a-4a8c-4a0b-958a-47f5367d9ce3",
              "isHook": false,
              "skipped": false
            }
          ],
          "suites": [],
          "passes": [
            "e4c12487-0655-4cfc-bfb9-4e384f518fd7"
          ],
          "failures": [],
          "pending": [],
          "skipped": [],
          "duration": 14306,
          "root": false,
          "rootEmpty": false,
          "_timeout": 2000
        },
        {
          "uuid": "4e4aba41-1dc8-436b-bc08-dcb82fdd81aa",
          "title": "Automatizaciones - Sección 1 - BLOG",
          "fullFile": "",
          "file": "",
          "beforeHooks": [],
          "afterHooks": [],
          "tests": [
            {
              "title": "SECCIÓN 1 - BLOG",
              "fullTitle": "Automatizaciones - Sección 1 - BLOG SECCIÓN 1 - BLOG",
              "timedOut": null,
              "duration": 3015,
              "state": "passed",
              "speed": "fast",
              "pass": true,
              "fail": false,
              "pending": false,
              "context": null,
              "code": "_url.default.urlBlog();\n_seccion1BAcciones.default.validarblog_SEC1();\n_seccion1BAcciones.default.validarparrafoblog_SEC1();\n_seccion1BAcciones.default.validarparrafoblog_SEC1();",
              "err": {},
              "uuid": "fc1866be-3cc3-43b2-b06d-760aa9a9e731",
              "parentUUID": "4e4aba41-1dc8-436b-bc08-dcb82fdd81aa",
              "isHook": false,
              "skipped": false
            }
          ],
          "suites": [],
          "passes": [
            "fc1866be-3cc3-43b2-b06d-760aa9a9e731"
          ],
          "failures": [],
          "pending": [],
          "skipped": [],
          "duration": 3015,
          "root": false,
          "rootEmpty": false,
          "_timeout": 2000
        },
        {
          "uuid": "e6d31e43-f1b0-4a8c-87a6-55564a4e7462",
          "title": "Automatizaciones - Sección 2 - BLOG",
          "fullFile": "",
          "file": "",
          "beforeHooks": [],
          "afterHooks": [],
          "tests": [
            {
              "title": "SECCIÓN 2 - BLOG",
              "fullTitle": "Automatizaciones - Sección 2 - BLOG SECCIÓN 2 - BLOG",
              "timedOut": null,
              "duration": 5058,
              "state": "passed",
              "speed": "medium",
              "pass": true,
              "fail": false,
              "pending": false,
              "context": null,
              "code": "_url.default.urlSEC2_1Blog();\n_seccion2BAcciones.default.validartextolainteli_SEC2();\n_seccion2BAcciones.default.validarparrafolainteli_SEC2();\n_seccion2BAcciones.default.validarparrafolaIA_SEC2();",
              "err": {},
              "uuid": "8cbda41c-6988-4d0c-a9ff-6eb7cee19e73",
              "parentUUID": "e6d31e43-f1b0-4a8c-87a6-55564a4e7462",
              "isHook": false,
              "skipped": false
            }
          ],
          "suites": [],
          "passes": [
            "8cbda41c-6988-4d0c-a9ff-6eb7cee19e73"
          ],
          "failures": [],
          "pending": [],
          "skipped": [],
          "duration": 5058,
          "root": false,
          "rootEmpty": false,
          "_timeout": 2000
        },
        {
          "uuid": "0c491a30-424a-4218-a0b4-98cb4187aecb",
          "title": "Automatizaciones - Sección 2_1 - BLOG",
          "fullFile": "",
          "file": "",
          "beforeHooks": [],
          "afterHooks": [],
          "tests": [
            {
              "title": "SECCIÓNlinks2_1- BLOG_LINK",
              "fullTitle": "Automatizaciones - Sección 2_1 - BLOG SECCIÓNlinks2_1- BLOG_LINK",
              "timedOut": null,
              "duration": 25721,
              "state": "passed",
              "speed": "slow",
              "pass": true,
              "fail": false,
              "pending": false,
              "context": null,
              "code": "_url.default.urlSEC2_1Blog();\n_seccion2BlinkAcciones.default.clickbotonlink1_SEC2();\n_seccion2BlinkAcciones.default.volverPaginaAnterior();\n_seccion2BlinkAcciones.default.clickbotonlink2_SEC2();\n_seccion2BlinkAcciones.default.volverPaginaAnterior();\n_seccion2BlinkAcciones.default.clickbotonlink3_SEC2();\n///Validacion link \n///NUESTROS SERVICIOS\n_url.default.urlSEC2_1Blog();\n_seccion2BlinkAcciones.default.clickbotonlink1LaaS_SEC2();\n_seccion2BlinkAcciones.default.clickbotonlink2OpeServi_SEC2();\n_seccion2BlinkAcciones.default.clickbotonlink3Saas_SEC2();\n_seccion2BlinkAcciones.default.clickbotonlink4Consult_SEC2();\n///Validacion link \n///Imagenes\n_url.default.urlSEC2_1Blog();\n_seccion2BlinkAcciones.default.clickbotonlink1imagenes_SEC2();\n_seccion2BlinkAcciones.default.volverPaginaAnterior();\n_seccion2BlinkAcciones.default.clickbotonlink2imagenes_SEC2();",
              "err": {},
              "uuid": "4ff4f159-1a3d-41ca-98eb-229252948471",
              "parentUUID": "0c491a30-424a-4218-a0b4-98cb4187aecb",
              "isHook": false,
              "skipped": false
            }
          ],
          "suites": [],
          "passes": [
            "4ff4f159-1a3d-41ca-98eb-229252948471"
          ],
          "failures": [],
          "pending": [],
          "skipped": [],
          "duration": 25721,
          "root": false,
          "rootEmpty": false,
          "_timeout": 2000
        },
        {
          "uuid": "9cd60f83-3d2f-4f8f-ad01-981abe80d26d",
          "title": "Automatizaciones - Sección 3 - BLOG",
          "fullFile": "",
          "file": "",
          "beforeHooks": [],
          "afterHooks": [],
          "tests": [
            {
              "title": "SECCIÓN 3 - BLOG",
              "fullTitle": "Automatizaciones - Sección 3 - BLOG SECCIÓN 3 - BLOG",
              "timedOut": null,
              "duration": 2213,
              "state": "passed",
              "speed": "fast",
              "pass": true,
              "fail": false,
              "pending": false,
              "context": null,
              "code": "_url.default.urlSEC3_Blog();\n_seccion3BAcciones.default.validartextohabili_SEC3();\n_seccion3BAcciones.default.validarparrafolasempre_SEC3();\n_seccion3BAcciones.default.validarparrafoademas_SEC3();\n_seccion3BAcciones.default.validarparrafo5habili_SEC3();\n_seccion3BAcciones.default.validarparrafo1_5habili_SEC3();\n_seccion3BAcciones.default.validarparrafo2_5habili_SEC3();\n_seccion3BAcciones.default.validarparrafo21_5habili_SEC3();",
              "err": {},
              "uuid": "9944b107-7871-47a9-91c3-521346cf3dad",
              "parentUUID": "9cd60f83-3d2f-4f8f-ad01-981abe80d26d",
              "isHook": false,
              "skipped": false
            }
          ],
          "suites": [],
          "passes": [
            "9944b107-7871-47a9-91c3-521346cf3dad"
          ],
          "failures": [],
          "pending": [],
          "skipped": [],
          "duration": 2213,
          "root": false,
          "rootEmpty": false,
          "_timeout": 2000
        },
        {
          "uuid": "ff004372-ba93-49ad-828c-39a7e12a6493",
          "title": "Automatizaciones - Sección 3_1 - BLOG",
          "fullFile": "",
          "file": "",
          "beforeHooks": [],
          "afterHooks": [],
          "tests": [
            {
              "title": "SECCIÓNlinks3_1- BLOG_LINK",
              "fullTitle": "Automatizaciones - Sección 3_1 - BLOG SECCIÓNlinks3_1- BLOG_LINK",
              "timedOut": null,
              "duration": 21036,
              "state": "passed",
              "speed": "slow",
              "pass": true,
              "fail": false,
              "pending": false,
              "context": null,
              "code": "_url.default.urlSEC3_Blog();\n_seccion3BlinkAcciones.default.clickbotonlink1_SEC3();\n_seccion3BlinkAcciones.default.clickbotonlink2_SEC3();\n_seccion3BlinkAcciones.default.clickbotonlink3_SEC3();\n///Validacion link \n///NUESTROS SERVICIOS\n_url.default.urlSEC3_Blog();\n_seccion3BlinkAcciones.default.clickbotonlink1LaaS_SEC3();\n_seccion3BlinkAcciones.default.clickbotonlink2OpeServi_SEC3();\n_seccion3BlinkAcciones.default.clickbotonlink3Saas_SEC3();\n_seccion3BlinkAcciones.default.clickbotonlink4Consult_SEC3();\n///Validacion link \n///Imagenes\n_url.default.urlSEC3_Blog();\n_seccion3BlinkAcciones.default.clickbotonlink1imagenes_SEC3();\n_seccion2BlinkAcciones.default.volverPaginaAnterior();\n_seccion3BlinkAcciones.default.clickbotonlink2imagenes_SEC3();",
              "err": {},
              "uuid": "6686ac4c-8450-4552-aa54-2a056617d59a",
              "parentUUID": "ff004372-ba93-49ad-828c-39a7e12a6493",
              "isHook": false,
              "skipped": false
            }
          ],
          "suites": [],
          "passes": [
            "6686ac4c-8450-4552-aa54-2a056617d59a"
          ],
          "failures": [],
          "pending": [],
          "skipped": [],
          "duration": 21036,
          "root": false,
          "rootEmpty": false,
          "_timeout": 2000
        },
        {
          "uuid": "d46ad2a3-f671-473f-a8e3-fe9978c0547e",
          "title": "Automatizaciones - Sección 4 - BLOG",
          "fullFile": "",
          "file": "",
          "beforeHooks": [],
          "afterHooks": [],
          "tests": [
            {
              "title": "SECCIÓN 4 - BLOG",
              "fullTitle": "Automatizaciones - Sección 4 - BLOG SECCIÓN 4 - BLOG",
              "timedOut": null,
              "duration": 2442,
              "state": "passed",
              "speed": "fast",
              "pass": true,
              "fail": false,
              "pending": false,
              "context": null,
              "code": "_url.default.urlSEC4_Blog();\n_seccion4BAcciones.default.validartextotecno_SEC4();\n_seccion4BAcciones.default.validarparrafosDesaSoft_SEC4();\n_seccion4BAcciones.default.validarparrafos1_SEC4();\n_seccion4BAcciones.default.validarparrafos2_SEC4();\n_seccion4BAcciones.default.validarparrafos3_SEC4();\n_seccion4BAcciones.default.validarparrafos4_SEC4();\n_seccion4BAcciones.default.validarparrafos5_SEC4();\n_seccion4BAcciones.default.validarparrafos6_SEC4();",
              "err": {},
              "uuid": "071268ad-c2e4-407a-9c2c-47e65d828daf",
              "parentUUID": "d46ad2a3-f671-473f-a8e3-fe9978c0547e",
              "isHook": false,
              "skipped": false
            }
          ],
          "suites": [],
          "passes": [
            "071268ad-c2e4-407a-9c2c-47e65d828daf"
          ],
          "failures": [],
          "pending": [],
          "skipped": [],
          "duration": 2442,
          "root": false,
          "rootEmpty": false,
          "_timeout": 2000
        },
        {
          "uuid": "cc26431d-287b-4d8b-85af-9d0da5341e91",
          "title": "Automatizaciones - Sección 4_1 - BLOG",
          "fullFile": "",
          "file": "",
          "beforeHooks": [],
          "afterHooks": [],
          "tests": [
            {
              "title": "SECCIÓNlinks4_1- BLOG_LINK",
              "fullTitle": "Automatizaciones - Sección 4_1 - BLOG SECCIÓNlinks4_1- BLOG_LINK",
              "timedOut": null,
              "duration": 20223,
              "state": "passed",
              "speed": "slow",
              "pass": true,
              "fail": false,
              "pending": false,
              "context": null,
              "code": "_url.default.urlSEC4_Blog();\n_seccion4BlinkAcciones.default.clickbotonlink1_SEC4();\n_seccion4BlinkAcciones.default.clickbotonlink2_SEC4();\n_seccion4BlinkAcciones.default.clickbotonlink3_SEC4();\n///Validacion link \n///NUESTROS SERVICIOS\n_url.default.urlSEC4_Blog();\n_seccion4BlinkAcciones.default.clickbotonlink1LaaS_SEC4();\n_seccion4BlinkAcciones.default.clickbotonlink2OpeServi_SEC4();\n_seccion4BlinkAcciones.default.clickbotonlink3Saas_SEC4();\n_seccion4BlinkAcciones.default.clickbotonlink4Consult_SEC4();\n///Validacion link \n///Imagenes\n_url.default.urlSEC4_Blog();\n_seccion4BlinkAcciones.default.clickbotonlink1imagenes_SEC4();\n_seccion2BlinkAcciones.default.volverPaginaAnterior();\n_seccion4BlinkAcciones.default.clickbotonlink2imagenes_SEC4();",
              "err": {},
              "uuid": "6e0a12a5-bdba-4186-a056-b2570d12f0ea",
              "parentUUID": "cc26431d-287b-4d8b-85af-9d0da5341e91",
              "isHook": false,
              "skipped": false
            }
          ],
          "suites": [],
          "passes": [
            "6e0a12a5-bdba-4186-a056-b2570d12f0ea"
          ],
          "failures": [],
          "pending": [],
          "skipped": [],
          "duration": 20223,
          "root": false,
          "rootEmpty": false,
          "_timeout": 2000
        },
        {
          "uuid": "c21b1722-21ee-4834-b09f-2b63503ff62f",
          "title": "Automatizaciones - Sección 1 - NueServi",
          "fullFile": "",
          "file": "",
          "beforeHooks": [],
          "afterHooks": [],
          "tests": [
            {
              "title": "SECCIÓN 1 - Nuestros servicios",
              "fullTitle": "Automatizaciones - Sección 1 - NueServi SECCIÓN 1 - Nuestros servicios",
              "timedOut": null,
              "duration": 3695,
              "state": "passed",
              "speed": "fast",
              "pass": true,
              "fail": false,
              "pending": false,
              "context": null,
              "code": "_url.default.urlNuestroExito();\n_seccion1Acciones.default.validarNueServi_SEC1();\n_seccion1Acciones.default.validarparrafoNueServi_SEC1();",
              "err": {},
              "uuid": "a4211564-f108-4cf6-97ff-0f23f790c8d7",
              "parentUUID": "c21b1722-21ee-4834-b09f-2b63503ff62f",
              "isHook": false,
              "skipped": false
            }
          ],
          "suites": [],
          "passes": [
            "a4211564-f108-4cf6-97ff-0f23f790c8d7"
          ],
          "failures": [],
          "pending": [],
          "skipped": [],
          "duration": 3695,
          "root": false,
          "rootEmpty": false,
          "_timeout": 2000
        },
        {
          "uuid": "e841313f-c9e5-4504-9eba-cfb733e8973e",
          "title": "Automatizaciones - Sección 2",
          "fullFile": "",
          "file": "",
          "beforeHooks": [],
          "afterHooks": [],
          "tests": [
            {
              "title": "SECCIÓN 2 - Nuestro compromiso",
              "fullTitle": "Automatizaciones - Sección 2 SECCIÓN 2 - Nuestro compromiso",
              "timedOut": null,
              "duration": 4394,
              "state": "passed",
              "speed": "fast",
              "pass": true,
              "fail": false,
              "pending": false,
              "context": null,
              "code": "_url.default.urlBase();\n_headeracciones.default.clickbotoncerrar();\n_seccion2Acciones.default.validarnuestrocompromiso();\n_seccion2Acciones.default.validarsitiosweb();\n_seccion2Acciones.default.validarcuadroN1();\n_seccion2Acciones.default.validarcuadroN2();\n_seccion2Acciones.default.validarcuadroN3();\n_seccion2Acciones.default.clickbotonconocemas();",
              "err": {},
              "uuid": "0e18b35f-54c6-487b-937c-4c6f012f75ed",
              "parentUUID": "e841313f-c9e5-4504-9eba-cfb733e8973e",
              "isHook": false,
              "skipped": false
            }
          ],
          "suites": [],
          "passes": [
            "0e18b35f-54c6-487b-937c-4c6f012f75ed"
          ],
          "failures": [],
          "pending": [],
          "skipped": [],
          "duration": 4394,
          "root": false,
          "rootEmpty": false,
          "_timeout": 2000
        },
        {
          "uuid": "4d71cc09-0a94-43b3-920d-a77c423ccafb",
          "title": "Automatizaciones - Sección 3",
          "fullFile": "",
          "file": "",
          "beforeHooks": [],
          "afterHooks": [],
          "tests": [
            {
              "title": "SECCIÓN 3 - Nuestros servicios",
              "fullTitle": "Automatizaciones - Sección 3 SECCIÓN 3 - Nuestros servicios",
              "timedOut": null,
              "duration": 2786,
              "state": "passed",
              "speed": "fast",
              "pass": true,
              "fail": false,
              "pending": false,
              "context": null,
              "code": "_url.default.urlBase();\n_headeracciones.default.clickbotoncerrar();\n_seccion3Acciones.default.validarNuestrosServicios();\n_seccion3Acciones.default.validarDesarrolloWeb();",
              "err": {},
              "uuid": "4efb8163-3696-47a7-83e1-368627816234",
              "parentUUID": "4d71cc09-0a94-43b3-920d-a77c423ccafb",
              "isHook": false,
              "skipped": false
            }
          ],
          "suites": [],
          "passes": [
            "4efb8163-3696-47a7-83e1-368627816234"
          ],
          "failures": [],
          "pending": [],
          "skipped": [],
          "duration": 2786,
          "root": false,
          "rootEmpty": false,
          "_timeout": 2000
        },
        {
          "uuid": "0aea0d0d-c6a3-4fcf-8e62-c1f052ec06a2",
          "title": "Automatizaciones - Sección 4",
          "fullFile": "",
          "file": "",
          "beforeHooks": [],
          "afterHooks": [],
          "tests": [
            {
              "title": "SECCIÓN 4 - ¿Quiénes somos?",
              "fullTitle": "Automatizaciones - Sección 4 SECCIÓN 4 - ¿Quiénes somos?",
              "timedOut": null,
              "duration": 4472,
              "state": "passed",
              "speed": "fast",
              "pass": true,
              "fail": false,
              "pending": false,
              "context": null,
              "code": "_url.default.urlBase();\n_headeracciones.default.clickbotoncerrar();\n_seccion4Acciones.default.validarquienessomos();\n_seccion4Acciones.default.validarnutrappparrafo();\n_seccion4Acciones.default.clickbotonflecha1();\n_seccion4Acciones.default.validarequipoespeci();\n_seccion4Acciones.default.clickbotonflecha2();\n_seccion4Acciones.default.validarExpeyPresi();\n_seccion4Acciones.default.clickbotonflecha3();\n_seccion4Acciones.default.validarSoluciSegur();",
              "err": {},
              "uuid": "6baf8d95-01bf-4353-821f-3d2fc52964e3",
              "parentUUID": "0aea0d0d-c6a3-4fcf-8e62-c1f052ec06a2",
              "isHook": false,
              "skipped": false
            }
          ],
          "suites": [],
          "passes": [
            "6baf8d95-01bf-4353-821f-3d2fc52964e3"
          ],
          "failures": [],
          "pending": [],
          "skipped": [],
          "duration": 4472,
          "root": false,
          "rootEmpty": false,
          "_timeout": 2000
        },
        {
          "uuid": "4b3bd91d-57e0-4c2d-91ba-dddbafeef7c7",
          "title": "Automatizaciones - Sección 5",
          "fullFile": "",
          "file": "",
          "beforeHooks": [],
          "afterHooks": [],
          "tests": [
            {
              "title": "SECCIÓN 5 - Equipo",
              "fullTitle": "Automatizaciones - Sección 5 SECCIÓN 5 - Equipo",
              "timedOut": null,
              "duration": 3734,
              "state": "passed",
              "speed": "fast",
              "pass": true,
              "fail": false,
              "pending": false,
              "context": null,
              "code": "_url.default.urlBase();\n_headeracciones.default.clickbotoncerrar();\n_seccion5Acciones.default.clickflechacarrusel();",
              "err": {},
              "uuid": "4d5ce0d6-48cc-4c65-ac64-ce48ee6832a4",
              "parentUUID": "4b3bd91d-57e0-4c2d-91ba-dddbafeef7c7",
              "isHook": false,
              "skipped": false
            }
          ],
          "suites": [],
          "passes": [
            "4d5ce0d6-48cc-4c65-ac64-ce48ee6832a4"
          ],
          "failures": [],
          "pending": [],
          "skipped": [],
          "duration": 3734,
          "root": false,
          "rootEmpty": false,
          "_timeout": 2000
        },
        {
          "uuid": "58cd8a0d-b218-4fe7-8504-a3f6c2f7a4b9",
          "title": "Automatizaciones - Sección 6",
          "fullFile": "",
          "file": "",
          "beforeHooks": [],
          "afterHooks": [],
          "tests": [
            {
              "title": "SECCIÓN 6 - Transformacion Digital",
              "fullTitle": "Automatizaciones - Sección 6 SECCIÓN 6 - Transformacion Digital",
              "timedOut": null,
              "duration": 5648,
              "state": "passed",
              "speed": "medium",
              "pass": true,
              "fail": false,
              "pending": false,
              "context": null,
              "code": "_url.default.urlBase();\n_headeracciones.default.clickbotoncerrar();\n_seccion6Acciones.default.validarTransfDigital();\n_seccion6Acciones.default.validartransformaciondigitalparrafo();\n_seccion6Acciones.default.clickbotonflecha1_SEC6();\n_seccion6Acciones.default.validarparrafoflecha1_SEC6();\n_seccion6Acciones.default.clickbotonflecha2_SEC6();\n_seccion6Acciones.default.validarParrafoflecha2_SEC6();\n_seccion6Acciones.default.clickbotonflecha3_SEC6();\n_seccion6Acciones.default.validarParrafoflecha3_SEC6();\n_seccion6Acciones.default.clickbotonflecha4_SEC6();\n_seccion6Acciones.default.validarParrafoflecha4_SEC6();\n_seccion6Acciones.default.clickbotonflecha5_SEC6();\n_seccion6Acciones.default.validarParrafoflecha5_SEC6();\n_seccion6Acciones.default.clickbotonflecha6_SEC6();\n_seccion6Acciones.default.validarParrafoflecha6_SEC6();",
              "err": {},
              "uuid": "d476d3f6-aef9-4508-a3dd-e023ff680043",
              "parentUUID": "58cd8a0d-b218-4fe7-8504-a3f6c2f7a4b9",
              "isHook": false,
              "skipped": false
            }
          ],
          "suites": [],
          "passes": [
            "d476d3f6-aef9-4508-a3dd-e023ff680043"
          ],
          "failures": [],
          "pending": [],
          "skipped": [],
          "duration": 5648,
          "root": false,
          "rootEmpty": false,
          "_timeout": 2000
        },
        {
          "uuid": "f9f15cad-49c4-4af7-b37c-f8d92796c9e1",
          "title": "Automatizaciones - Sección 7",
          "fullFile": "",
          "file": "",
          "beforeHooks": [],
          "afterHooks": [],
          "tests": [
            {
              "title": "SECCIÓN 7 - Transformacion Digital",
              "fullTitle": "Automatizaciones - Sección 7 SECCIÓN 7 - Transformacion Digital",
              "timedOut": null,
              "duration": 9542,
              "state": "passed",
              "speed": "medium",
              "pass": true,
              "fail": false,
              "pending": false,
              "context": null,
              "code": "_url.default.urlBase();\n_seccion7Acciones.default.validarNuesExit7();\n_seccion7Acciones.default.validarNuesServiparrafo_SEC7();\n_headeracciones.default.clickbotoncerrar();\n_seccion7Acciones.default.clickbotonvermas_SEC7();\n_headeracciones.default.clickbotoncerrar();\n_seccion2BlinkAcciones.default.volverPaginaAnterior();\n_seccion7Acciones.default.validarAlivia7();\n_seccion7Acciones.default.ValidarAMF7();\n_seccion7Acciones.default.ValidarAPM7();\n_seccion7Acciones.default.validarNutrabio();\n_seccion7Acciones.default.validarAliviaparrafo_SEC7();\n_seccion7Acciones.default.validarAmfparrafo_SEC7();\n_seccion7Acciones.default.validarAmfparrafo_SEC7();\n_seccion7Acciones.default.validarNutrabioparrafo_SEC7();",
              "err": {},
              "uuid": "db2bb911-86b4-4f94-a37e-9b24a5682caa",
              "parentUUID": "f9f15cad-49c4-4af7-b37c-f8d92796c9e1",
              "isHook": false,
              "skipped": false
            }
          ],
          "suites": [],
          "passes": [
            "db2bb911-86b4-4f94-a37e-9b24a5682caa"
          ],
          "failures": [],
          "pending": [],
          "skipped": [],
          "duration": 9542,
          "root": false,
          "rootEmpty": false,
          "_timeout": 2000
        },
        {
          "uuid": "8eea25a1-4938-498e-b3ad-68ea0c6dd669",
          "title": "Automatizaciones - Nuestros Exitos_SEC7",
          "fullFile": "",
          "file": "",
          "beforeHooks": [],
          "afterHooks": [],
          "tests": [
            {
              "title": "SECCIÓN 7 - Nuestros Exitos_SEC7",
              "fullTitle": "Automatizaciones - Nuestros Exitos_SEC7 SECCIÓN 7 - Nuestros Exitos_SEC7",
              "timedOut": null,
              "duration": 1610,
              "state": "passed",
              "speed": "fast",
              "pass": true,
              "fail": false,
              "pending": false,
              "context": null,
              "code": "_url.default.urlNuesExito();\n_nuestrosexitosSEC7Acciones.default.validartextoNuesExitO_SEC7_2();\n_nuestrosexitosSEC7Acciones.default.validarparrrafoNuesExito_SEC7_2();\n_nuestrosexitosSEC7Acciones.default.validartextoAliv_SEC7_2();\n_nuestrosexitosSEC7Acciones.default.validarparrrafoAliv_SEC7_2();\n_nuestrosexitosSEC7Acciones.default.validartextoAMF_SEC7_2();\n_nuestrosexitosSEC7Acciones.default.validarparrrafoAMF_SEC7_2();\n_nuestrosexitosSEC7Acciones.default.validartextoAPM_SEC7_2();\n_nuestrosexitosSEC7Acciones.default.validarparrrafoAPM_SEC7_2();\n_nuestrosexitosSEC7Acciones.default.validartextoNutra_SEC7_2();\n_nuestrosexitosSEC7Acciones.default.validarparrrafoNutra_SEC7_2();",
              "err": {},
              "uuid": "f60ebc44-61e4-447b-8625-28b59c6e3fda",
              "parentUUID": "8eea25a1-4938-498e-b3ad-68ea0c6dd669",
              "isHook": false,
              "skipped": false
            }
          ],
          "suites": [],
          "passes": [
            "f60ebc44-61e4-447b-8625-28b59c6e3fda"
          ],
          "failures": [],
          "pending": [],
          "skipped": [],
          "duration": 1610,
          "root": false,
          "rootEmpty": false,
          "_timeout": 2000
        },
        {
          "uuid": "2a5f470e-7fa0-41a8-8ac4-aef7fdbf1c81",
          "title": "Automatizaciones - Sección 8",
          "fullFile": "",
          "file": "",
          "beforeHooks": [],
          "afterHooks": [],
          "tests": [
            {
              "title": "SECCIÓN 8 - Nuestros clientes",
              "fullTitle": "Automatizaciones - Sección 8 SECCIÓN 8 - Nuestros clientes",
              "timedOut": null,
              "duration": 2157,
              "state": "passed",
              "speed": "fast",
              "pass": true,
              "fail": false,
              "pending": false,
              "context": null,
              "code": "_url.default.urlBase();\n_seccion8Acciones.default.validarNuesClie_SEC8();\n_seccion8Acciones.default.validarPreguntatitulo_SEC8();\n_seccion8Acciones.default.validarParrafopregunta_SEC8();",
              "err": {},
              "uuid": "e11ca4df-278b-461e-a755-c425abda50c2",
              "parentUUID": "2a5f470e-7fa0-41a8-8ac4-aef7fdbf1c81",
              "isHook": false,
              "skipped": false
            }
          ],
          "suites": [],
          "passes": [
            "e11ca4df-278b-461e-a755-c425abda50c2"
          ],
          "failures": [],
          "pending": [],
          "skipped": [],
          "duration": 2157,
          "root": false,
          "rootEmpty": false,
          "_timeout": 2000
        },
        {
          "uuid": "ea54bf5e-0bfe-4fd2-ae7e-e19d2c06679c",
          "title": "Automatizaciones - Sección 9",
          "fullFile": "",
          "file": "",
          "beforeHooks": [],
          "afterHooks": [],
          "tests": [
            {
              "title": "SECCIÓN 9 - Nuestras Últimas Noticias",
              "fullTitle": "Automatizaciones - Sección 9 SECCIÓN 9 - Nuestras Últimas Noticias",
              "timedOut": null,
              "duration": 14589,
              "state": "passed",
              "speed": "slow",
              "pass": true,
              "fail": false,
              "pending": false,
              "context": null,
              "code": "_url.default.urlBase();\n_headeracciones.default.clickbotoncerrar();\n_seccion9Acciones.default.validarNuesUltiNoti_SEC9();\n_seccion9Acciones.default.validarparrafoNuesUltiNoti_SEC9();\n_seccion9Acciones.default.validarparrafoimagen1_SEC9();\n_seccion9Acciones.default.validarparrafoimagen2_SEC9();\n_seccion9Acciones.default.validarparrafoimagen3_SEC9();\n_seccion9Acciones.default.clickbotonimagen1_SEC9();\n_headeracciones.default.clickbotoncerrar();\n_seccion9Acciones.default.clickbotonimagen2_SEC9();\n_headeracciones.default.clickbotoncerrar();\n_seccion9Acciones.default.clickbotonimagen3_SEC9();",
              "err": {},
              "uuid": "a74f2198-e9db-4ac3-99a7-23f149bac96d",
              "parentUUID": "ea54bf5e-0bfe-4fd2-ae7e-e19d2c06679c",
              "isHook": false,
              "skipped": false
            }
          ],
          "suites": [],
          "passes": [
            "a74f2198-e9db-4ac3-99a7-23f149bac96d"
          ],
          "failures": [],
          "pending": [],
          "skipped": [],
          "duration": 14589,
          "root": false,
          "rootEmpty": false,
          "_timeout": 2000
        },
        {
          "uuid": "f8019084-36df-4c65-8b71-2e5a620876d4",
          "title": "Automatizaciones - Sección 10",
          "fullFile": "",
          "file": "",
          "beforeHooks": [],
          "afterHooks": [],
          "tests": [
            {
              "title": "SECCIÓN 10 - Contáctanos",
              "fullTitle": "Automatizaciones - Sección 10 SECCIÓN 10 - Contáctanos",
              "timedOut": null,
              "duration": 6321,
              "state": "passed",
              "speed": "medium",
              "pass": true,
              "fail": false,
              "pending": false,
              "context": null,
              "code": "_url.default.urlBase();\n_headeracciones.default.clickbotoncerrar();\n_seccion10Acciones.default.validarcontacta_SEC10();\n_seccion10Acciones.default.validarparrafocontac_SEC10();\n_seccion10Acciones.default.validarEscribirnombres_SEC10();\n_seccion10Acciones.default.validarEscribirapellidos_SEC10();\n_seccion10Acciones.default.validarEscribiremail_SEC10();\n_seccion10Acciones.default.validarEscribirtelefono_SEC10();\n_seccion10Acciones.default.validarEscribiraqui_SEC10();\n_seccion10Acciones.default.clickbotonacepto_SEC10();\n_seccion10Acciones.default.clickbotonpoliticas_SEC10();\n_seccion10Acciones.default.clickbotonenviar_SEC10();",
              "err": {},
              "uuid": "e3d3ba92-31bd-4ca8-b2ce-4b4fddba0e9d",
              "parentUUID": "f8019084-36df-4c65-8b71-2e5a620876d4",
              "isHook": false,
              "skipped": false
            }
          ],
          "suites": [],
          "passes": [
            "e3d3ba92-31bd-4ca8-b2ce-4b4fddba0e9d"
          ],
          "failures": [],
          "pending": [],
          "skipped": [],
          "duration": 6321,
          "root": false,
          "rootEmpty": false,
          "_timeout": 2000
        }
      ],
      "passes": [
        "62f7c0ca-476c-4099-98b4-27b2785e8a88"
      ],
      "failures": [],
      "pending": [],
      "skipped": [],
      "duration": 20330,
      "root": true,
      "rootEmpty": false,
      "_timeout": 2000
    }
  ],
  "meta": {
    "mocha": {
      "version": "7.2.0"
    },
    "mochawesome": {
      "options": {
        "quiet": false,
        "reportFilename": "mochawesome",
        "saveHtml": false,
        "saveJson": true,
        "consoleReporter": "spec",
        "useInlineDiffs": false,
        "code": true
      },
      "version": "7.1.4"
    },
    "marge": {
      "options": {
        "reportDir": "cypress/reports/.jsons",
        "overwrite": false,
        "html": false,
        "json": true
      },
      "version": "6.3.2"
    }
  }
}