{
  "stats": {
    "suites": 1,
    "tests": 20,
    "passes": 20,
    "pending": 0,
    "failures": 0,
    "testsRegistered": 20,
    "passPercent": 100,
    "pendingPercent": 0,
    "other": 0,
    "hasOther": false,
    "skipped": 0,
    "hasSkipped": false,
    "start": "2026-03-26T16:12:31.213Z",
    "end": "2026-03-26T16:15:28.736Z",
    "duration": 177523
  },
  "results": [
    {
      "uuid": "999a2000-404e-447b-a080-ab278709637c",
      "title": "",
      "fullFile": "cypress\\e2e\\nutraapp.cy.js",
      "file": "cypress\\e2e\\nutraapp.cy.js",
      "beforeHooks": [],
      "afterHooks": [],
      "tests": [
        {
          "title": "SECCIÓN 1 - FOOTER",
          "fullTitle": "SECCIÓN 1 - FOOTER",
          "timedOut": null,
          "duration": 20629,
          "state": "passed",
          "speed": "slow",
          "pass": true,
          "fail": false,
          "pending": false,
          "context": null,
          "code": "_url.default.urlBase();\n_headeracciones.default.clickbotoncerrar();\n_footerAcciones.default.clickbotonserviciosfo();\n_footerAcciones.default.clickbotonblogfo();\n_footerAcciones.default.clickbotoncontactanosfo();\n_headeracciones.default.clickbotoncerrar();\n_footerAcciones.default.validarnumero();\n_footerAcciones.default.validarcorreo();\n_footerAcciones.default.clickbotontyc();\n_footerAcciones.default.clickbotonpoliticas();",
          "err": {},
          "uuid": "f6717673-bd8c-437f-951d-9ef71072eeef",
          "parentUUID": "999a2000-404e-447b-a080-ab278709637c",
          "isHook": false,
          "skipped": false
        }
      ],
      "suites": [
        {
          "uuid": "090f9302-ca45-4e44-8d9e-e5af831ef5d5",
          "title": "Automatizaciones - Sección 1",
          "fullFile": "",
          "file": "",
          "beforeHooks": [],
          "afterHooks": [],
          "tests": [
            {
              "title": "SECCIÓN 1 - HEADER",
              "fullTitle": "Automatizaciones - Sección 1 SECCIÓN 1 - HEADER",
              "timedOut": null,
              "duration": 12138,
              "state": "passed",
              "speed": "slow",
              "pass": true,
              "fail": false,
              "pending": false,
              "context": null,
              "code": "_url.default.urlBase();\n_headeracciones.default.clickbotoncerrar();\n_headeracciones.default.clickbotonservicios();\n_headeracciones.default.clickbotonblog();\n_headeracciones.default.clickbotoncontactanos();\n_headeracciones.default.clickbotoncerrar();",
              "err": {},
              "uuid": "10659e42-f96e-4c3f-9159-0686155b95fd",
              "parentUUID": "090f9302-ca45-4e44-8d9e-e5af831ef5d5",
              "isHook": false,
              "skipped": false
            }
          ],
          "suites": [],
          "passes": [
            "10659e42-f96e-4c3f-9159-0686155b95fd"
          ],
          "failures": [],
          "pending": [],
          "skipped": [],
          "duration": 12138,
          "root": false,
          "rootEmpty": false,
          "_timeout": 2000
        },
        {
          "uuid": "1ea47942-fdaa-4f60-bd44-f7868a328cc5",
          "title": "Automatizaciones - Sección 1 - BLOG",
          "fullFile": "",
          "file": "",
          "beforeHooks": [],
          "afterHooks": [],
          "tests": [
            {
              "title": "SECCIÓN 1 - BLOG",
              "fullTitle": "Automatizaciones - Sección 1 - BLOG SECCIÓN 1 - BLOG",
              "timedOut": null,
              "duration": 2061,
              "state": "passed",
              "speed": "fast",
              "pass": true,
              "fail": false,
              "pending": false,
              "context": null,
              "code": "_url.default.urlBlog();\n_seccion1BAcciones.default.validarblog_SEC1();\n_seccion1BAcciones.default.validarparrafoblog_SEC1();\n_seccion1BAcciones.default.validarparrafoblog_SEC1();",
              "err": {},
              "uuid": "def19e3b-2917-4bc3-8906-0029c2be6693",
              "parentUUID": "1ea47942-fdaa-4f60-bd44-f7868a328cc5",
              "isHook": false,
              "skipped": false
            }
          ],
          "suites": [],
          "passes": [
            "def19e3b-2917-4bc3-8906-0029c2be6693"
          ],
          "failures": [],
          "pending": [],
          "skipped": [],
          "duration": 2061,
          "root": false,
          "rootEmpty": false,
          "_timeout": 2000
        },
        {
          "uuid": "b1a0b5a3-7071-4029-813a-7950848fa886",
          "title": "Automatizaciones - Sección 2 - BLOG",
          "fullFile": "",
          "file": "",
          "beforeHooks": [],
          "afterHooks": [],
          "tests": [
            {
              "title": "SECCIÓN 2 - BLOG",
              "fullTitle": "Automatizaciones - Sección 2 - BLOG SECCIÓN 2 - BLOG",
              "timedOut": null,
              "duration": 2952,
              "state": "passed",
              "speed": "fast",
              "pass": true,
              "fail": false,
              "pending": false,
              "context": null,
              "code": "_url.default.urlSEC2_1Blog();\n_seccion2BAcciones.default.validartextolainteli_SEC2();\n_seccion2BAcciones.default.validarparrafolainteli_SEC2();\n_seccion2BAcciones.default.validarparrafolaIA_SEC2();",
              "err": {},
              "uuid": "bc898798-e2e7-457a-b2fe-6b500beda6db",
              "parentUUID": "b1a0b5a3-7071-4029-813a-7950848fa886",
              "isHook": false,
              "skipped": false
            }
          ],
          "suites": [],
          "passes": [
            "bc898798-e2e7-457a-b2fe-6b500beda6db"
          ],
          "failures": [],
          "pending": [],
          "skipped": [],
          "duration": 2952,
          "root": false,
          "rootEmpty": false,
          "_timeout": 2000
        },
        {
          "uuid": "956a9d07-277b-48d5-ad94-eece6c1c65a8",
          "title": "Automatizaciones - Sección 2_1 - BLOG",
          "fullFile": "",
          "file": "",
          "beforeHooks": [],
          "afterHooks": [],
          "tests": [
            {
              "title": "SECCIÓNlinks2_1- BLOG_LINK",
              "fullTitle": "Automatizaciones - Sección 2_1 - BLOG SECCIÓNlinks2_1- BLOG_LINK",
              "timedOut": null,
              "duration": 25520,
              "state": "passed",
              "speed": "slow",
              "pass": true,
              "fail": false,
              "pending": false,
              "context": null,
              "code": "_url.default.urlSEC2_1Blog();\n_seccion2BlinkAcciones.default.clickbotonlink1_SEC2();\n_seccion2BlinkAcciones.default.volverPaginaAnterior();\n_seccion2BlinkAcciones.default.clickbotonlink2_SEC2();\n_seccion2BlinkAcciones.default.volverPaginaAnterior();\n_seccion2BlinkAcciones.default.clickbotonlink3_SEC2();\n///Validacion link \n///NUESTROS SERVICIOS\n_url.default.urlSEC2_1Blog();\n_seccion2BlinkAcciones.default.clickbotonlink1LaaS_SEC2();\n_seccion2BlinkAcciones.default.clickbotonlink2OpeServi_SEC2();\n_seccion2BlinkAcciones.default.clickbotonlink3Saas_SEC2();\n_seccion2BlinkAcciones.default.clickbotonlink4Consult_SEC2();\n///Validacion link \n///Imagenes\n_url.default.urlSEC2_1Blog();\n_seccion2BlinkAcciones.default.clickbotonlink1imagenes_SEC2();\n_seccion2BlinkAcciones.default.volverPaginaAnterior();\n_seccion2BlinkAcciones.default.clickbotonlink2imagenes_SEC2();",
              "err": {},
              "uuid": "87f0137b-eaaf-41cb-8ef5-cd249beffcb2",
              "parentUUID": "956a9d07-277b-48d5-ad94-eece6c1c65a8",
              "isHook": false,
              "skipped": false
            }
          ],
          "suites": [],
          "passes": [
            "87f0137b-eaaf-41cb-8ef5-cd249beffcb2"
          ],
          "failures": [],
          "pending": [],
          "skipped": [],
          "duration": 25520,
          "root": false,
          "rootEmpty": false,
          "_timeout": 2000
        },
        {
          "uuid": "66f208ef-b052-4abf-ad81-8485e8f3c03f",
          "title": "Automatizaciones - Sección 3 - BLOG",
          "fullFile": "",
          "file": "",
          "beforeHooks": [],
          "afterHooks": [],
          "tests": [
            {
              "title": "SECCIÓN 3 - BLOG",
              "fullTitle": "Automatizaciones - Sección 3 - BLOG SECCIÓN 3 - BLOG",
              "timedOut": null,
              "duration": 2068,
              "state": "passed",
              "speed": "fast",
              "pass": true,
              "fail": false,
              "pending": false,
              "context": null,
              "code": "_url.default.urlSEC3_Blog();\n_seccion3BAcciones.default.validartextohabili_SEC3();\n_seccion3BAcciones.default.validarparrafolasempre_SEC3();\n_seccion3BAcciones.default.validarparrafoademas_SEC3();\n_seccion3BAcciones.default.validarparrafo5habili_SEC3();\n_seccion3BAcciones.default.validarparrafo1_5habili_SEC3();\n_seccion3BAcciones.default.validarparrafo2_5habili_SEC3();\n_seccion3BAcciones.default.validarparrafo21_5habili_SEC3();",
              "err": {},
              "uuid": "77f31391-592d-4de0-b3b4-2e87237e06ce",
              "parentUUID": "66f208ef-b052-4abf-ad81-8485e8f3c03f",
              "isHook": false,
              "skipped": false
            }
          ],
          "suites": [],
          "passes": [
            "77f31391-592d-4de0-b3b4-2e87237e06ce"
          ],
          "failures": [],
          "pending": [],
          "skipped": [],
          "duration": 2068,
          "root": false,
          "rootEmpty": false,
          "_timeout": 2000
        },
        {
          "uuid": "63154047-9feb-430f-8f70-675a33465317",
          "title": "Automatizaciones - Sección 3_1 - BLOG",
          "fullFile": "",
          "file": "",
          "beforeHooks": [],
          "afterHooks": [],
          "tests": [
            {
              "title": "SECCIÓNlinks3_1- BLOG_LINK",
              "fullTitle": "Automatizaciones - Sección 3_1 - BLOG SECCIÓNlinks3_1- BLOG_LINK",
              "timedOut": null,
              "duration": 18480,
              "state": "passed",
              "speed": "slow",
              "pass": true,
              "fail": false,
              "pending": false,
              "context": null,
              "code": "_url.default.urlSEC3_Blog();\n_seccion3BlinkAcciones.default.clickbotonlink1_SEC3();\n_seccion3BlinkAcciones.default.clickbotonlink2_SEC3();\n_seccion3BlinkAcciones.default.clickbotonlink3_SEC3();\n///Validacion link \n///NUESTROS SERVICIOS\n_url.default.urlSEC3_Blog();\n_seccion3BlinkAcciones.default.clickbotonlink1LaaS_SEC3();\n_seccion3BlinkAcciones.default.clickbotonlink2OpeServi_SEC3();\n_seccion3BlinkAcciones.default.clickbotonlink3Saas_SEC3();\n_seccion3BlinkAcciones.default.clickbotonlink4Consult_SEC3();\n///Validacion link \n///Imagenes\n_url.default.urlSEC3_Blog();\n_seccion3BlinkAcciones.default.clickbotonlink1imagenes_SEC3();\n_seccion2BlinkAcciones.default.volverPaginaAnterior();\n_seccion3BlinkAcciones.default.clickbotonlink2imagenes_SEC3();",
              "err": {},
              "uuid": "191d76ab-534b-47d9-9076-e85b18c972d0",
              "parentUUID": "63154047-9feb-430f-8f70-675a33465317",
              "isHook": false,
              "skipped": false
            }
          ],
          "suites": [],
          "passes": [
            "191d76ab-534b-47d9-9076-e85b18c972d0"
          ],
          "failures": [],
          "pending": [],
          "skipped": [],
          "duration": 18480,
          "root": false,
          "rootEmpty": false,
          "_timeout": 2000
        },
        {
          "uuid": "682c9977-8f56-428e-9c3a-548e47147735",
          "title": "Automatizaciones - Sección 4 - BLOG",
          "fullFile": "",
          "file": "",
          "beforeHooks": [],
          "afterHooks": [],
          "tests": [
            {
              "title": "SECCIÓN 4 - BLOG",
              "fullTitle": "Automatizaciones - Sección 4 - BLOG SECCIÓN 4 - BLOG",
              "timedOut": null,
              "duration": 1992,
              "state": "passed",
              "speed": "fast",
              "pass": true,
              "fail": false,
              "pending": false,
              "context": null,
              "code": "_url.default.urlSEC4_Blog();\n_seccion4BAcciones.default.validartextotecno_SEC4();\n_seccion4BAcciones.default.validarparrafosDesaSoft_SEC4();\n_seccion4BAcciones.default.validarparrafos1_SEC4();\n_seccion4BAcciones.default.validarparrafos2_SEC4();\n_seccion4BAcciones.default.validarparrafos3_SEC4();\n_seccion4BAcciones.default.validarparrafos4_SEC4();\n_seccion4BAcciones.default.validarparrafos5_SEC4();\n_seccion4BAcciones.default.validarparrafos6_SEC4();",
              "err": {},
              "uuid": "244d3b69-0b3c-431a-8ed7-dff5afedf632",
              "parentUUID": "682c9977-8f56-428e-9c3a-548e47147735",
              "isHook": false,
              "skipped": false
            }
          ],
          "suites": [],
          "passes": [
            "244d3b69-0b3c-431a-8ed7-dff5afedf632"
          ],
          "failures": [],
          "pending": [],
          "skipped": [],
          "duration": 1992,
          "root": false,
          "rootEmpty": false,
          "_timeout": 2000
        },
        {
          "uuid": "35625dc9-c9f8-4038-8fa1-b0a5265f6d4e",
          "title": "Automatizaciones - Sección 4_1 - BLOG",
          "fullFile": "",
          "file": "",
          "beforeHooks": [],
          "afterHooks": [],
          "tests": [
            {
              "title": "SECCIÓNlinks4_1- BLOG_LINK",
              "fullTitle": "Automatizaciones - Sección 4_1 - BLOG SECCIÓNlinks4_1- BLOG_LINK",
              "timedOut": null,
              "duration": 18579,
              "state": "passed",
              "speed": "slow",
              "pass": true,
              "fail": false,
              "pending": false,
              "context": null,
              "code": "_url.default.urlSEC4_Blog();\n_seccion4BlinkAcciones.default.clickbotonlink1_SEC4();\n_seccion4BlinkAcciones.default.clickbotonlink2_SEC4();\n_seccion4BlinkAcciones.default.clickbotonlink3_SEC4();\n///Validacion link \n///NUESTROS SERVICIOS\n_url.default.urlSEC4_Blog();\n_seccion4BlinkAcciones.default.clickbotonlink1LaaS_SEC4();\n_seccion4BlinkAcciones.default.clickbotonlink2OpeServi_SEC4();\n_seccion4BlinkAcciones.default.clickbotonlink3Saas_SEC4();\n_seccion4BlinkAcciones.default.clickbotonlink4Consult_SEC4();\n///Validacion link \n///Imagenes\n_url.default.urlSEC4_Blog();\n_seccion4BlinkAcciones.default.clickbotonlink1imagenes_SEC4();\n_seccion2BlinkAcciones.default.volverPaginaAnterior();\n_seccion4BlinkAcciones.default.clickbotonlink2imagenes_SEC4();",
              "err": {},
              "uuid": "6838b0f5-1125-418f-b1d5-abe6b8d48d95",
              "parentUUID": "35625dc9-c9f8-4038-8fa1-b0a5265f6d4e",
              "isHook": false,
              "skipped": false
            }
          ],
          "suites": [],
          "passes": [
            "6838b0f5-1125-418f-b1d5-abe6b8d48d95"
          ],
          "failures": [],
          "pending": [],
          "skipped": [],
          "duration": 18579,
          "root": false,
          "rootEmpty": false,
          "_timeout": 2000
        },
        {
          "uuid": "f2c05aa9-dfca-4366-b8ed-c4104c5a7966",
          "title": "Automatizaciones - Sección 1 - NueServi",
          "fullFile": "",
          "file": "",
          "beforeHooks": [],
          "afterHooks": [],
          "tests": [
            {
              "title": "SECCIÓN 1 - Nuestros servicios",
              "fullTitle": "Automatizaciones - Sección 1 - NueServi SECCIÓN 1 - Nuestros servicios",
              "timedOut": null,
              "duration": 2859,
              "state": "passed",
              "speed": "fast",
              "pass": true,
              "fail": false,
              "pending": false,
              "context": null,
              "code": "_url.default.urlNuestroExito();\n_seccion1Acciones.default.validarNueServi_SEC1();\n_seccion1Acciones.default.validarparrafoNueServi_SEC1();",
              "err": {},
              "uuid": "84bcfa6c-c7bc-49fc-be25-feb7aba45fbb",
              "parentUUID": "f2c05aa9-dfca-4366-b8ed-c4104c5a7966",
              "isHook": false,
              "skipped": false
            }
          ],
          "suites": [],
          "passes": [
            "84bcfa6c-c7bc-49fc-be25-feb7aba45fbb"
          ],
          "failures": [],
          "pending": [],
          "skipped": [],
          "duration": 2859,
          "root": false,
          "rootEmpty": false,
          "_timeout": 2000
        },
        {
          "uuid": "c1c1252c-71c2-4967-b78e-d9b12cdd691a",
          "title": "Automatizaciones - Sección 2",
          "fullFile": "",
          "file": "",
          "beforeHooks": [],
          "afterHooks": [],
          "tests": [
            {
              "title": "SECCIÓN 2 - Nuestro compromiso",
              "fullTitle": "Automatizaciones - Sección 2 SECCIÓN 2 - Nuestro compromiso",
              "timedOut": null,
              "duration": 5288,
              "state": "passed",
              "speed": "medium",
              "pass": true,
              "fail": false,
              "pending": false,
              "context": null,
              "code": "_url.default.urlBase();\n_headeracciones.default.clickbotoncerrar();\n_seccion2Acciones.default.validarnuestrocompromiso();\n_seccion2Acciones.default.validarsitiosweb();\n_seccion2Acciones.default.validarcuadroN1();\n_seccion2Acciones.default.validarcuadroN2();\n_seccion2Acciones.default.validarcuadroN3();\n_seccion2Acciones.default.clickbotonconocemas();",
              "err": {},
              "uuid": "dfe9560c-854e-4b20-9de0-22b4885a4626",
              "parentUUID": "c1c1252c-71c2-4967-b78e-d9b12cdd691a",
              "isHook": false,
              "skipped": false
            }
          ],
          "suites": [],
          "passes": [
            "dfe9560c-854e-4b20-9de0-22b4885a4626"
          ],
          "failures": [],
          "pending": [],
          "skipped": [],
          "duration": 5288,
          "root": false,
          "rootEmpty": false,
          "_timeout": 2000
        },
        {
          "uuid": "23e72cac-b3b2-49c3-af52-88a9a8327b77",
          "title": "Automatizaciones - Sección 3",
          "fullFile": "",
          "file": "",
          "beforeHooks": [],
          "afterHooks": [],
          "tests": [
            {
              "title": "SECCIÓN 3 - Nuestros servicios",
              "fullTitle": "Automatizaciones - Sección 3 SECCIÓN 3 - Nuestros servicios",
              "timedOut": null,
              "duration": 2785,
              "state": "passed",
              "speed": "fast",
              "pass": true,
              "fail": false,
              "pending": false,
              "context": null,
              "code": "_url.default.urlBase();\n_headeracciones.default.clickbotoncerrar();\n_seccion3Acciones.default.validarNuestrosServicios();\n_seccion3Acciones.default.validarDesarrolloWeb();",
              "err": {},
              "uuid": "dd336fdf-5d75-4910-9d08-506d9415bef4",
              "parentUUID": "23e72cac-b3b2-49c3-af52-88a9a8327b77",
              "isHook": false,
              "skipped": false
            }
          ],
          "suites": [],
          "passes": [
            "dd336fdf-5d75-4910-9d08-506d9415bef4"
          ],
          "failures": [],
          "pending": [],
          "skipped": [],
          "duration": 2785,
          "root": false,
          "rootEmpty": false,
          "_timeout": 2000
        },
        {
          "uuid": "ecf82d8f-9028-469e-a3e2-55637ab97764",
          "title": "Automatizaciones - Sección 4",
          "fullFile": "",
          "file": "",
          "beforeHooks": [],
          "afterHooks": [],
          "tests": [
            {
              "title": "SECCIÓN 4 - ¿Quiénes somos?",
              "fullTitle": "Automatizaciones - Sección 4 SECCIÓN 4 - ¿Quiénes somos?",
              "timedOut": null,
              "duration": 4111,
              "state": "passed",
              "speed": "fast",
              "pass": true,
              "fail": false,
              "pending": false,
              "context": null,
              "code": "_url.default.urlBase();\n_headeracciones.default.clickbotoncerrar();\n_seccion4Acciones.default.validarquienessomos();\n_seccion4Acciones.default.validarnutrappparrafo();\n_seccion4Acciones.default.clickbotonflecha1();\n_seccion4Acciones.default.validarequipoespeci();\n_seccion4Acciones.default.clickbotonflecha2();\n_seccion4Acciones.default.validarExpeyPresi();\n_seccion4Acciones.default.clickbotonflecha3();\n_seccion4Acciones.default.validarSoluciSegur();",
              "err": {},
              "uuid": "ebb493a1-af3c-4a65-a28d-b3cb21a0fd89",
              "parentUUID": "ecf82d8f-9028-469e-a3e2-55637ab97764",
              "isHook": false,
              "skipped": false
            }
          ],
          "suites": [],
          "passes": [
            "ebb493a1-af3c-4a65-a28d-b3cb21a0fd89"
          ],
          "failures": [],
          "pending": [],
          "skipped": [],
          "duration": 4111,
          "root": false,
          "rootEmpty": false,
          "_timeout": 2000
        },
        {
          "uuid": "a4d225fa-dfcc-4879-b600-4c63768bccfe",
          "title": "Automatizaciones - Sección 5",
          "fullFile": "",
          "file": "",
          "beforeHooks": [],
          "afterHooks": [],
          "tests": [
            {
              "title": "SECCIÓN 5 - Equipo",
              "fullTitle": "Automatizaciones - Sección 5 SECCIÓN 5 - Equipo",
              "timedOut": null,
              "duration": 3666,
              "state": "passed",
              "speed": "fast",
              "pass": true,
              "fail": false,
              "pending": false,
              "context": null,
              "code": "_url.default.urlBase();\n_headeracciones.default.clickbotoncerrar();\n_seccion5Acciones.default.clickflechacarrusel();",
              "err": {},
              "uuid": "898c427a-054f-441f-b4f5-cd8972c84be9",
              "parentUUID": "a4d225fa-dfcc-4879-b600-4c63768bccfe",
              "isHook": false,
              "skipped": false
            }
          ],
          "suites": [],
          "passes": [
            "898c427a-054f-441f-b4f5-cd8972c84be9"
          ],
          "failures": [],
          "pending": [],
          "skipped": [],
          "duration": 3666,
          "root": false,
          "rootEmpty": false,
          "_timeout": 2000
        },
        {
          "uuid": "12a09959-c340-4814-b94a-c15b32bf1fe4",
          "title": "Automatizaciones - Sección 6",
          "fullFile": "",
          "file": "",
          "beforeHooks": [],
          "afterHooks": [],
          "tests": [
            {
              "title": "SECCIÓN 6 - Transformacion Digital",
              "fullTitle": "Automatizaciones - Sección 6 SECCIÓN 6 - Transformacion Digital",
              "timedOut": null,
              "duration": 5542,
              "state": "passed",
              "speed": "medium",
              "pass": true,
              "fail": false,
              "pending": false,
              "context": null,
              "code": "_url.default.urlBase();\n_headeracciones.default.clickbotoncerrar();\n_seccion6Acciones.default.validarTransfDigital();\n_seccion6Acciones.default.validartransformaciondigitalparrafo();\n_seccion6Acciones.default.clickbotonflecha1_SEC6();\n_seccion6Acciones.default.validarparrafoflecha1_SEC6();\n_seccion6Acciones.default.clickbotonflecha2_SEC6();\n_seccion6Acciones.default.validarParrafoflecha2_SEC6();\n_seccion6Acciones.default.clickbotonflecha3_SEC6();\n_seccion6Acciones.default.validarParrafoflecha3_SEC6();\n_seccion6Acciones.default.clickbotonflecha4_SEC6();\n_seccion6Acciones.default.validarParrafoflecha4_SEC6();\n_seccion6Acciones.default.clickbotonflecha5_SEC6();\n_seccion6Acciones.default.validarParrafoflecha5_SEC6();\n_seccion6Acciones.default.clickbotonflecha6_SEC6();\n_seccion6Acciones.default.validarParrafoflecha6_SEC6();",
              "err": {},
              "uuid": "fe7a82b3-761d-48d0-ac98-4da7972ab320",
              "parentUUID": "12a09959-c340-4814-b94a-c15b32bf1fe4",
              "isHook": false,
              "skipped": false
            }
          ],
          "suites": [],
          "passes": [
            "fe7a82b3-761d-48d0-ac98-4da7972ab320"
          ],
          "failures": [],
          "pending": [],
          "skipped": [],
          "duration": 5542,
          "root": false,
          "rootEmpty": false,
          "_timeout": 2000
        },
        {
          "uuid": "7926ca3c-1c26-4585-a429-a65a8a91bdf9",
          "title": "Automatizaciones - Sección 7",
          "fullFile": "",
          "file": "",
          "beforeHooks": [],
          "afterHooks": [],
          "tests": [
            {
              "title": "SECCIÓN 7 - Transformacion Digital",
              "fullTitle": "Automatizaciones - Sección 7 SECCIÓN 7 - Transformacion Digital",
              "timedOut": null,
              "duration": 10318,
              "state": "passed",
              "speed": "slow",
              "pass": true,
              "fail": false,
              "pending": false,
              "context": null,
              "code": "_url.default.urlBase();\n_seccion7Acciones.default.validarNuesExit7();\n_seccion7Acciones.default.validarNuesServiparrafo_SEC7();\n_headeracciones.default.clickbotoncerrar();\n_seccion7Acciones.default.clickbotonvermas_SEC7();\n_headeracciones.default.clickbotoncerrar();\n_seccion2BlinkAcciones.default.volverPaginaAnterior();\n_seccion7Acciones.default.validarAlivia7();\n_seccion7Acciones.default.ValidarAMF7();\n_seccion7Acciones.default.ValidarAPM7();\n_seccion7Acciones.default.validarNutrabio();\n_seccion7Acciones.default.validarAliviaparrafo_SEC7();\n_seccion7Acciones.default.validarAmfparrafo_SEC7();\n_seccion7Acciones.default.validarAmfparrafo_SEC7();\n_seccion7Acciones.default.validarNutrabioparrafo_SEC7();",
              "err": {},
              "uuid": "bc29c5fe-bc35-49ff-b95a-08b8016a040d",
              "parentUUID": "7926ca3c-1c26-4585-a429-a65a8a91bdf9",
              "isHook": false,
              "skipped": false
            }
          ],
          "suites": [],
          "passes": [
            "bc29c5fe-bc35-49ff-b95a-08b8016a040d"
          ],
          "failures": [],
          "pending": [],
          "skipped": [],
          "duration": 10318,
          "root": false,
          "rootEmpty": false,
          "_timeout": 2000
        },
        {
          "uuid": "8289bd86-de15-4902-a787-520a64dc4f58",
          "title": "Automatizaciones - Nuestros Exitos_SEC7",
          "fullFile": "",
          "file": "",
          "beforeHooks": [],
          "afterHooks": [],
          "tests": [
            {
              "title": "SECCIÓN 7 - Nuestros Exitos_SEC7",
              "fullTitle": "Automatizaciones - Nuestros Exitos_SEC7 SECCIÓN 7 - Nuestros Exitos_SEC7",
              "timedOut": null,
              "duration": 1926,
              "state": "passed",
              "speed": "fast",
              "pass": true,
              "fail": false,
              "pending": false,
              "context": null,
              "code": "_url.default.urlNuesExito();\n_nuestrosexitosSEC7Acciones.default.validartextoNuesExitO_SEC7_2();\n_nuestrosexitosSEC7Acciones.default.validarparrrafoNuesExito_SEC7_2();\n_nuestrosexitosSEC7Acciones.default.validartextoAliv_SEC7_2();\n_nuestrosexitosSEC7Acciones.default.validarparrrafoAliv_SEC7_2();\n_nuestrosexitosSEC7Acciones.default.validartextoAMF_SEC7_2();\n_nuestrosexitosSEC7Acciones.default.validarparrrafoAMF_SEC7_2();\n_nuestrosexitosSEC7Acciones.default.validartextoAPM_SEC7_2();\n_nuestrosexitosSEC7Acciones.default.validarparrrafoAPM_SEC7_2();\n_nuestrosexitosSEC7Acciones.default.validartextoNutra_SEC7_2();\n_nuestrosexitosSEC7Acciones.default.validarparrrafoNutra_SEC7_2();",
              "err": {},
              "uuid": "a9ec89e6-9f5f-47bc-bd14-8669710eb804",
              "parentUUID": "8289bd86-de15-4902-a787-520a64dc4f58",
              "isHook": false,
              "skipped": false
            }
          ],
          "suites": [],
          "passes": [
            "a9ec89e6-9f5f-47bc-bd14-8669710eb804"
          ],
          "failures": [],
          "pending": [],
          "skipped": [],
          "duration": 1926,
          "root": false,
          "rootEmpty": false,
          "_timeout": 2000
        },
        {
          "uuid": "a6d3e639-32e7-449b-92e2-192e3feaf698",
          "title": "Automatizaciones - Sección 8",
          "fullFile": "",
          "file": "",
          "beforeHooks": [],
          "afterHooks": [],
          "tests": [
            {
              "title": "SECCIÓN 8 - Nuestros clientes",
              "fullTitle": "Automatizaciones - Sección 8 SECCIÓN 8 - Nuestros clientes",
              "timedOut": null,
              "duration": 2220,
              "state": "passed",
              "speed": "fast",
              "pass": true,
              "fail": false,
              "pending": false,
              "context": null,
              "code": "_url.default.urlBase();\n_seccion8Acciones.default.validarNuesClie_SEC8();\n_seccion8Acciones.default.validarPreguntatitulo_SEC8();\n_seccion8Acciones.default.validarParrafopregunta_SEC8();",
              "err": {},
              "uuid": "72fa3001-c312-428a-a7ed-ca98135d3505",
              "parentUUID": "a6d3e639-32e7-449b-92e2-192e3feaf698",
              "isHook": false,
              "skipped": false
            }
          ],
          "suites": [],
          "passes": [
            "72fa3001-c312-428a-a7ed-ca98135d3505"
          ],
          "failures": [],
          "pending": [],
          "skipped": [],
          "duration": 2220,
          "root": false,
          "rootEmpty": false,
          "_timeout": 2000
        },
        {
          "uuid": "e94185c1-7deb-41c5-a355-591ee72f341b",
          "title": "Automatizaciones - Sección 9",
          "fullFile": "",
          "file": "",
          "beforeHooks": [],
          "afterHooks": [],
          "tests": [
            {
              "title": "SECCIÓN 9 - Nuestras Últimas Noticias",
              "fullTitle": "Automatizaciones - Sección 9 SECCIÓN 9 - Nuestras Últimas Noticias",
              "timedOut": null,
              "duration": 20639,
              "state": "passed",
              "speed": "slow",
              "pass": true,
              "fail": false,
              "pending": false,
              "context": null,
              "code": "_url.default.urlBase();\n_headeracciones.default.clickbotoncerrar();\n_seccion9Acciones.default.validarNuesUltiNoti_SEC9();\n_seccion9Acciones.default.validarparrafoNuesUltiNoti_SEC9();\n_seccion9Acciones.default.validarparrafoimagen1_SEC9();\n_seccion9Acciones.default.validarparrafoimagen2_SEC9();\n_seccion9Acciones.default.validarparrafoimagen3_SEC9();\n_seccion9Acciones.default.clickbotonimagen1_SEC9();\n_headeracciones.default.clickbotoncerrar();\n_seccion9Acciones.default.clickbotonimagen2_SEC9();\n_headeracciones.default.clickbotoncerrar();\n_seccion9Acciones.default.clickbotonimagen3_SEC9();",
              "err": {},
              "uuid": "3c278a13-fd23-4ede-8805-f7ec471bda8e",
              "parentUUID": "e94185c1-7deb-41c5-a355-591ee72f341b",
              "isHook": false,
              "skipped": false
            }
          ],
          "suites": [],
          "passes": [
            "3c278a13-fd23-4ede-8805-f7ec471bda8e"
          ],
          "failures": [],
          "pending": [],
          "skipped": [],
          "duration": 20639,
          "root": false,
          "rootEmpty": false,
          "_timeout": 2000
        },
        {
          "uuid": "78f05eb5-a60a-4d19-8239-eb48e0dde6b3",
          "title": "Automatizaciones - Sección 10",
          "fullFile": "",
          "file": "",
          "beforeHooks": [],
          "afterHooks": [],
          "tests": [
            {
              "title": "SECCIÓN 10 - Contáctanos",
              "fullTitle": "Automatizaciones - Sección 10 SECCIÓN 10 - Contáctanos",
              "timedOut": null,
              "duration": 7834,
              "state": "passed",
              "speed": "medium",
              "pass": true,
              "fail": false,
              "pending": false,
              "context": null,
              "code": "_url.default.urlBase();\n_headeracciones.default.clickbotoncerrar();\n_seccion10Acciones.default.validarcontacta_SEC10();\n_seccion10Acciones.default.validarparrafocontac_SEC10();\n_seccion10Acciones.default.validarEscribirnombres_SEC10();\n_seccion10Acciones.default.validarEscribirapellidos_SEC10();\n_seccion10Acciones.default.validarEscribiremail_SEC10();\n_seccion10Acciones.default.validarEscribirtelefono_SEC10();\n_seccion10Acciones.default.validarEscribiraqui_SEC10();\n_seccion10Acciones.default.clickbotonacepto_SEC10();\n_seccion10Acciones.default.clickbotonpoliticas_SEC10();\n_seccion10Acciones.default.clickbotonenviar_SEC10();",
              "err": {},
              "uuid": "a4e66d02-56b5-43ab-a1bb-d84b73b85516",
              "parentUUID": "78f05eb5-a60a-4d19-8239-eb48e0dde6b3",
              "isHook": false,
              "skipped": false
            }
          ],
          "suites": [],
          "passes": [
            "a4e66d02-56b5-43ab-a1bb-d84b73b85516"
          ],
          "failures": [],
          "pending": [],
          "skipped": [],
          "duration": 7834,
          "root": false,
          "rootEmpty": false,
          "_timeout": 2000
        }
      ],
      "passes": [
        "f6717673-bd8c-437f-951d-9ef71072eeef"
      ],
      "failures": [],
      "pending": [],
      "skipped": [],
      "duration": 20629,
      "root": true,
      "rootEmpty": false,
      "_timeout": 2000
    }
  ],
  "meta": {
    "mocha": {
      "version": "7.2.0"
    },
    "mochawesome": {
      "options": {
        "quiet": false,
        "reportFilename": "mochawesome",
        "saveHtml": false,
        "saveJson": true,
        "consoleReporter": "spec",
        "useInlineDiffs": false,
        "code": true
      },
      "version": "7.1.4"
    },
    "marge": {
      "options": {
        "reportDir": "cypress/reports/.jsons",
        "overwrite": false,
        "html": false,
        "json": true
      },
      "version": "6.3.2"
    }
  }
}